<?xml version="1.0" encoding="UTF-8"?>
<testng-results skipped="0" failed="1" total="1" passed="0">
  <reporter-output>
  </reporter-output>
  <suite name="Default suite" duration-ms="10053" started-at="2022-03-29T05:12:20Z" finished-at="2022-03-29T05:12:30Z">
    <groups>
    </groups>
    <test name="Default test" duration-ms="10053" started-at="2022-03-29T05:12:20Z" finished-at="2022-03-29T05:12:30Z">
      <class name="com.OrangeHRM.TestCases.LoginOraganHRM">
        <test-method status="PASS" signature="SetUp()[pri:0, instance:com.OrangeHRM.TestCases.LoginOraganHRM@13805618]" name="SetUp" is-config="true" duration-ms="948" started-at="2022-03-29T10:42:19Z" finished-at="2022-03-29T10:42:20Z">
          <reporter-output>
          </reporter-output>
        </test-method> <!-- SetUp -->
        <test-method status="PASS" signature="BrowserTest()[pri:0, instance:com.OrangeHRM.TestCases.LoginOraganHRM@13805618]" name="BrowserTest" is-config="true" duration-ms="8720" started-at="2022-03-29T10:42:20Z" finished-at="2022-03-29T10:42:29Z">
          <reporter-output>
          </reporter-output>
        </test-method> <!-- BrowserTest -->
        <test-method status="FAIL" signature="loginApp()[pri:0, instance:com.OrangeHRM.TestCases.LoginOraganHRM@13805618]" name="loginApp" duration-ms="156" started-at="2022-03-29T10:42:29Z" finished-at="2022-03-29T10:42:29Z">
          <exception class="java.lang.IllegalStateException">
            <message>
              <![CDATA[Cannot get a STRING value from a NUMERIC cell]]>
            </message>
            <full-stacktrace>
              <![CDATA[java.lang.IllegalStateException: Cannot get a STRING value from a NUMERIC cell
	at org.apache.poi.xssf.usermodel.XSSFCell.typeMismatch(XSSFCell.java:1035)
	at org.apache.poi.xssf.usermodel.XSSFCell.getRichStringCellValue(XSSFCell.java:390)
	at org.apache.poi.xssf.usermodel.XSSFCell.getStringCellValue(XSSFCell.java:342)
	at Utility.ExcelDataReader.getStringData(ExcelDataReader.java:26)
	at com.OrangeHRM.TestCases.LoginOraganHRM.loginApp(LoginOraganHRM.java:15)
	at sun.reflect.NativeMethodAccessorImpl.invoke0(Native Method)
	at sun.reflect.NativeMethodAccessorImpl.invoke(NativeMethodAccessorImpl.java:62)
	at sun.reflect.DelegatingMethodAccessorImpl.invoke(DelegatingMethodAccessorImpl.java:43)
	at java.lang.reflect.Method.invoke(Method.java:498)
	at org.testng.internal.MethodInvocationHelper.invokeMethod(MethodInvocationHelper.java:86)
	at org.testng.internal.Invoker.invokeMethod(Invoker.java:646)
	at org.testng.internal.Invoker.invokeTestMethod(Invoker.java:823)
	at org.testng.internal.Invoker.invokeTestMethods(Invoker.java:1131)
	at org.testng.internal.TestMethodWorker.invokeTestMethods(TestMethodWorker.java:129)
	at org.testng.internal.TestMethodWorker.run(TestMethodWorker.java:112)
	at org.testng.TestRunner.privateRun(TestRunner.java:778)
	at org.testng.TestRunner.run(TestRunner.java:632)
	at org.testng.SuiteRunner.runTest(SuiteRunner.java:366)
	at org.testng.SuiteRunner.runSequentially(SuiteRunner.java:361)
	at org.testng.SuiteRunner.privateRun(SuiteRunner.java:319)
	at org.testng.SuiteRunner.run(SuiteRunner.java:268)
	at org.testng.SuiteRunnerWorker.runSuite(SuiteRunnerWorker.java:52)
	at org.testng.SuiteRunnerWorker.run(SuiteRunnerWorker.java:86)
	at org.testng.TestNG.runSuitesSequentially(TestNG.java:1225)
	at org.testng.TestNG.runSuitesLocally(TestNG.java:1150)
	at org.testng.TestNG.runSuites(TestNG.java:1075)
	at org.testng.TestNG.run(TestNG.java:1047)
	at org.testng.remote.AbstractRemoteTestNG.run(AbstractRemoteTestNG.java:126)
	at org.testng.remote.RemoteTestNG.initAndRun(RemoteTestNG.java:137)
	at org.testng.remote.RemoteTestNG.main(RemoteTestNG.java:58)
]]>
            </full-stacktrace>
          </exception> <!-- java.lang.IllegalStateException -->
          <reporter-output>
          </reporter-output>
        </test-method> <!-- loginApp -->
        <test-method status="PASS" signature="tearDownMethod(org.testng.ITestResult)[pri:0, instance:com.OrangeHRM.TestCases.LoginOraganHRM@13805618]" name="tearDownMethod" is-config="true" duration-ms="288" started-at="2022-03-29T10:42:29Z" finished-at="2022-03-29T10:42:29Z">
          <params>
            <param index="0">
              <value>
                <![CDATA[[TestResult name=loginApp status=FAILURE method=LoginOraganHRM.loginApp()[pri:0, instance:com.OrangeHRM.TestCases.LoginOraganHRM@13805618] output={null}]]]>
              </value>
            </param>
          </params>
          <reporter-output>
          </reporter-output>
        </test-method> <!-- tearDownMethod -->
        <test-method status="PASS" signature="tearDown()[pri:0, instance:com.OrangeHRM.TestCases.LoginOraganHRM@13805618]" name="tearDown" is-config="true" duration-ms="868" started-at="2022-03-29T10:42:29Z" finished-at="2022-03-29T10:42:30Z">
          <reporter-output>
          </reporter-output>
        </test-method> <!-- tearDown -->
      </class> <!-- com.OrangeHRM.TestCases.LoginOraganHRM -->
    </test> <!-- Default test -->
  </suite> <!-- Default suite -->
</testng-results>
